<?xml version="1.0" encoding="UTF-8"?>
<testng-results skipped="0" failed="0" ignored="0" total="0" passed="0">
  <reporter-output>
  </reporter-output>
  <suite name="Default suite" duration-ms="4971" started-at="2017-08-14T05:11:55Z" finished-at="2017-08-14T05:12:00Z">
    <groups>
    </groups>
    <test name="Default test" duration-ms="4971" started-at="2017-08-14T05:11:55Z" finished-at="2017-08-14T05:12:00Z">
      <class name="guru99.Test99GuruLogin">
        <test-method status="PASS" signature="setup()[pri:0, instance:guru99.Test99GuruLogin@26be92ad]" name="setup" is-config="true" duration-ms="4963" started-at="2017-08-14T01:11:55Z" finished-at="2017-08-14T01:12:00Z">
          <reporter-output>
          </reporter-output>
        </test-method> <!-- setup -->
      </class> <!-- guru99.Test99GuruLogin -->
    </test> <!-- Default test -->
  </suite> <!-- Default suite -->
</testng-results>
